^C^CTraceback (most recent call last):
  File "/home/jglass/Documents/pyscript/pyscriptjs/env/lib/python3.11/site-packages/_pytest/main.py", line 268, in wrap_session
    session.exitstatus = doit(config, session) or 0
                         ^^^^^^^^^^^^^^^^^^^^^
  File "/home/jglass/Documents/pyscript/pyscriptjs/env/lib/python3.11/site-packages/_pytest/main.py", line 322, in _main
    config.hook.pytest_runtestloop(session=session)
  File "/home/jglass/Documents/pyscript/pyscriptjs/env/lib/python3.11/site-packages/pluggy/_hooks.py", line 265, in __call__
    return self._hookexec(self.name, self.get_hookimpls(), kwargs, firstresult)
           ^^^^^^^^^^^^^^^^^^^^^^^^^^^^^^^^^^^^^^^^^^^^^^^^^^^^^^^^^^^^^^^^^^^^
  File "/home/jglass/Documents/pyscript/pyscriptjs/env/lib/python3.11/site-packages/pluggy/_manager.py", line 80, in _hookexec
    return self._inner_hookexec(hook_name, methods, kwargs, firstresult)
           ^^^^^^^^^^^^^^^^^^^^^^^^^^^^^^^^^^^^^^^^^^^^^^^^^^^^^^^^^^^^^
  File "/home/jglass/Documents/pyscript/pyscriptjs/env/lib/python3.11/site-packages/pluggy/_callers.py", line 60, in _multicall
    return outcome.get_result()
           ^^^^^^^^^^^^^^^^^^^^
  File "/home/jglass/Documents/pyscript/pyscriptjs/env/lib/python3.11/site-packages/pluggy/_result.py", line 60, in get_result
    raise ex[1].with_traceback(ex[2])
  File "/home/jglass/Documents/pyscript/pyscriptjs/env/lib/python3.11/site-packages/pluggy/_callers.py", line 39, in _multicall
    res = hook_impl.function(*args)
          ^^^^^^^^^^^^^^^^^^^^^^^^^
  File "/home/jglass/Documents/pyscript/pyscriptjs/env/lib/python3.11/site-packages/xdist/dsession.py", line 117, in pytest_runtestloop
    self.loop_once()
  File "/home/jglass/Documents/pyscript/pyscriptjs/env/lib/python3.11/site-packages/xdist/dsession.py", line 131, in loop_once
    eventcall = self.queue.get(timeout=2.0)
                ^^^^^^^^^^^^^^^^^^^^^^^^^^^
  File "/home/jglass/Documents/pyscript/pyscriptjs/env/lib/python3.11/queue.py", line 180, in get
    self.not_empty.wait(remaining)
  File "/home/jglass/Documents/pyscript/pyscriptjs/env/lib/python3.11/threading.py", line 324, in wait
    gotit = waiter.acquire(True, timeout)
            ^^^^^^^^^^^^^^^^^^^^^^^^^^^^^
KeyboardInterrupt

During handling of the above exception, another exception occurred:

Traceback (most recent call last):
  File "/home/jglass/Documents/pyscript/pyscriptjs/env/bin/pytest", line 11, in <module>
    sys.exit(console_main())
             ^^^^^^^^^^^^^^
  File "/home/jglass/Documents/pyscript/pyscriptjs/env/lib/python3.11/site-packages/_pytest/config/__init__.py", line 187, in console_main
    code = main()
           ^^^^^^
  File "/home/jglass/Documents/pyscript/pyscriptjs/env/lib/python3.11/site-packages/_pytest/config/__init__.py", line 164, in main
    ret: Union[ExitCode, int] = config.hook.pytest_cmdline_main(
                                ^^^^^^^^^^^^^^^^^^^^^^^^^^^^^^^^
  File "/home/jglass/Documents/pyscript/pyscriptjs/env/lib/python3.11/site-packages/pluggy/_hooks.py", line 265, in __call__
    return self._hookexec(self.name, self.get_hookimpls(), kwargs, firstresult)
           ^^^^^^^^^^^^^^^^^^^^^^^^^^^^^^^^^^^^^^^^^^^^^^^^^^^^^^^^^^^^^^^^^^^^
  File "/home/jglass/Documents/pyscript/pyscriptjs/env/lib/python3.11/site-packages/pluggy/_manager.py", line 80, in _hookexec
    return self._inner_hookexec(hook_name, methods, kwargs, firstresult)
           ^^^^^^^^^^^^^^^^^^^^^^^^^^^^^^^^^^^^^^^^^^^^^^^^^^^^^^^^^^^^^
  File "/home/jglass/Documents/pyscript/pyscriptjs/env/lib/python3.11/site-packages/pluggy/_callers.py", line 60, in _multicall
    return outcome.get_result()
           ^^^^^^^^^^^^^^^^^^^^
  File "/home/jglass/Documents/pyscript/pyscriptjs/env/lib/python3.11/site-packages/pluggy/_result.py", line 60, in get_result
    raise ex[1].with_traceback(ex[2])
  File "/home/jglass/Documents/pyscript/pyscriptjs/env/lib/python3.11/site-packages/pluggy/_callers.py", line 39, in _multicall
    res = hook_impl.function(*args)
          ^^^^^^^^^^^^^^^^^^^^^^^^^
  File "/home/jglass/Documents/pyscript/pyscriptjs/env/lib/python3.11/site-packages/_pytest/main.py", line 315, in pytest_cmdline_main
    return wrap_session(config, _main)
           ^^^^^^^^^^^^^^^^^^^^^^^^^^^
  File "/home/jglass/Documents/pyscript/pyscriptjs/env/lib/python3.11/site-packages/_pytest/main.py", line 282, in wrap_session
    config.hook.pytest_keyboard_interrupt(excinfo=excinfo)
  File "/home/jglass/Documents/pyscript/pyscriptjs/env/lib/python3.11/site-packages/pluggy/_hooks.py", line 265, in __call__
    return self._hookexec(self.name, self.get_hookimpls(), kwargs, firstresult)
           ^^^^^^^^^^^^^^^^^^^^^^^^^^^^^^^^^^^^^^^^^^^^^^^^^^^^^^^^^^^^^^^^^^^^
  File "/home/jglass/Documents/pyscript/pyscriptjs/env/lib/python3.11/site-packages/pluggy/_manager.py", line 80, in _hookexec
    return self._inner_hookexec(hook_name, methods, kwargs, firstresult)
           ^^^^^^^^^^^^^^^^^^^^^^^^^^^^^^^^^^^^^^^^^^^^^^^^^^^^^^^^^^^^^
  File "/home/jglass/Documents/pyscript/pyscriptjs/env/lib/python3.11/site-packages/pluggy/_callers.py", line 60, in _multicall
    return outcome.get_result()
           ^^^^^^^^^^^^^^^^^^^^
  File "/home/jglass/Documents/pyscript/pyscriptjs/env/lib/python3.11/site-packages/pluggy/_result.py", line 60, in get_result
    raise ex[1].with_traceback(ex[2])
  File "/home/jglass/Documents/pyscript/pyscriptjs/env/lib/python3.11/site-packages/pluggy/_callers.py", line 39, in _multicall
    res = hook_impl.function(*args)
          ^^^^^^^^^^^^^^^^^^^^^^^^^
  File "/home/jglass/Documents/pyscript/pyscriptjs/env/lib/python3.11/site-packages/_pytest/terminal.py", line 832, in pytest_keyboard_interrupt
    self._keyboardinterrupt_memo = excinfo.getrepr(funcargs=True)
                                   ^^^^^^^^^^^^^^^^^^^^^^^^^^^^^^
  File "/home/jglass/Documents/pyscript/pyscriptjs/env/lib/python3.11/site-packages/_pytest/_code/code.py", line 666, in getrepr
    return fmt.repr_excinfo(self)
           ^^^^^^^^^^^^^^^^^^^^^^
  File "/home/jglass/Documents/pyscript/pyscriptjs/env/lib/python3.11/site-packages/_pytest/_code/code.py", line 926, in repr_excinfo
    reprtraceback = self.repr_traceback(excinfo_)
                    ^^^^^^^^^^^^^^^^^^^^^^^^^^^^^
  File "/home/jglass/Documents/pyscript/pyscriptjs/env/lib/python3.11/site-packages/_pytest/_code/code.py", line 867, in repr_traceback
    reprentry = self.repr_traceback_entry(entry, einfo)
                ^^^^^^^^^^^^^^^^^^^^^^^^^^^^^^^^^^^^^^^
  File "/home/jglass/Documents/pyscript/pyscriptjs/env/lib/python3.11/site-packages/_pytest/_code/code.py", line 810, in repr_traceback_entry
    source = self._getentrysource(entry)
             ^^^^^^^^^^^^^^^^^^^^^^^^^^^
  File "/home/jglass/Documents/pyscript/pyscriptjs/env/lib/python3.11/site-packages/_pytest/_code/code.py", line 718, in _getentrysource
    source = entry.getsource(self.astcache)
             ^^^^^^^^^^^^^^^^^^^^^^^^^^^^^^
  File "/home/jglass/Documents/pyscript/pyscriptjs/env/lib/python3.11/site-packages/_pytest/_code/code.py", line 260, in getsource
    astnode, _, end = getstatementrange_ast(
                      ^^^^^^^^^^^^^^^^^^^^^^
  File "/home/jglass/Documents/pyscript/pyscriptjs/env/lib/python3.11/site-packages/_pytest/_code/source.py", line 185, in getstatementrange_ast
    astnode = ast.parse(content, "source", "exec")
              ^^^^^^^^^^^^^^^^^^^^^^^^^^^^^^^^^^^^
  File "/home/jglass/Documents/pyscript/pyscriptjs/env/lib/python3.11/ast.py", line 50, in parse
    return compile(source, filename, mode, flags,
           ^^^^^^^^^^^^^^^^^^^^^^^^^^^^^^^^^^^^^^
KeyboardInterrupt
Exception ignored in: <_io.TextIOWrapper name='<stdout>' mode='w' encoding='utf-8'>
BrokenPipeError: [Errno 32] Broken pipe
make[1]: *** [Makefile:102: test-integration-parallel] Interrupt
make: *** [Makefile:92: test] Interrupt


